
========================================================================
  DOWNLOADING FULL HISTORY  2014-01-01 – 2025-06-01
========================================================================
  2868 bars  (2014-01-02 – 2025-05-30)

========================================================================
  BUILDING FEATURES ON FULL HISTORY
========================================================================
  Feature matrix shape   : (2868, 117)
  Optuna trials/window   : 100
  Tune-once mode         : True


########################################################################
  WINDOW 1/6 : 2019  —  Gold bull run (+18%)
  TEST   : 2019-01-01  →  2020-01-01
  TRAIN  : 2015-01-01  →  2019-01-01
  Optuna : 100 trials per study
########################################################################

  Training bars : 1003
  Test bars     : 252
  [    0s]  Using classification target: Target_Direction (class dist: DOWN=22.0% SIDE=54.4% UP=23.5%)
  [    0s]  Optuna tuning – XGBoost regression…
  [   55s]  Optuna tuning – LightGBM regression…
  [  156s]  Optuna tuning – CatBoost regression…
  [  310s]  Optuna tuning – XGBoost classification (class-balanced)…
  [  456s]  Optuna tuning – LightGBM classification (class-balanced)…
  [  676s]  Optuna tuning – CatBoost classification (class-balanced)…
  [  732s]  Training individual regression models…
  [  736s]  Training individual classification models (class-balanced)…
  File "C:\Users\hadih\AppData\Local\Programs\Python\Python311\Lib\site-packages\joblib\externals\loky\backend\context.py", line 257, in _count_physical_cores
    cpu_info = subprocess.run(
               ^^^^^^^^^^^^^^^
  File "C:\Users\hadih\AppData\Local\Programs\Python\Python311\Lib\subprocess.py", line 548, in run
    with Popen(*popenargs, **kwargs) as process:
         ^^^^^^^^^^^^^^^^^^^^^^^^^^^
  File "C:\Users\hadih\AppData\Local\Programs\Python\Python311\Lib\subprocess.py", line 1026, in __init__
    self._execute_child(args, executable, preexec_fn, close_fds,
  File "C:\Users\hadih\AppData\Local\Programs\Python\Python311\Lib\subprocess.py", line 1538, in _execute_child
    hp, ht, pid, tid = _winapi.CreateProcess(executable, args,
                       ^^^^^^^^^^^^^^^^^^^^^^^^^^^^^^^^^^^^^^^
  [  746s]  Building regression stacking ensemble (OOF)…
  [  746s]    Stacking regression fold 1/5 – XGBoost
  [  747s]    Stacking regression fold 1/5 – LightGBM
  [  747s]    Stacking regression fold 1/5 – CatBoost
  [  747s]    Stacking regression fold 2/5 – XGBoost
  [  748s]    Stacking regression fold 2/5 – LightGBM
  [  748s]    Stacking regression fold 2/5 – CatBoost
  [  749s]    Stacking regression fold 3/5 – XGBoost
  [  750s]    Stacking regression fold 3/5 – LightGBM
  [  751s]    Stacking regression fold 3/5 – CatBoost
  [  752s]    Stacking regression fold 4/5 – XGBoost
  [  753s]    Stacking regression fold 4/5 – LightGBM
  [  754s]    Stacking regression fold 4/5 – CatBoost
  [  755s]    Stacking regression fold 5/5 – XGBoost
  [  756s]    Stacking regression fold 5/5 – LightGBM
  [  758s]    Stacking regression fold 5/5 – CatBoost
  [  758s]    Retraining L1 XGBoost on full training set
  [  759s]    Retraining L1 LightGBM on full training set
  [  762s]    Retraining L1 CatBoost on full training set
  [  763s]  Building calibrated classification stacking ensemble (OOF, class-balanced)…
  [  763s]    Stacking classification fold 1/5 – XGBoost
  [  763s]    Stacking classification fold 1/5 – LightGBM
  [  764s]    Stacking classification fold 1/5 – CatBoost
  [  767s]    Stacking classification fold 2/5 – XGBoost
  [  770s]    Stacking classification fold 2/5 – LightGBM
  [  770s]    Stacking classification fold 2/5 – CatBoost
  [  775s]    Stacking classification fold 3/5 – XGBoost
  [  780s]    Stacking classification fold 3/5 – LightGBM
  [  782s]    Stacking classification fold 3/5 – CatBoost
  [  788s]    Stacking classification fold 4/5 – XGBoost
  [  794s]    Stacking classification fold 4/5 – LightGBM
  [  798s]    Stacking classification fold 4/5 – CatBoost
  [  805s]    Stacking classification fold 5/5 – XGBoost
  [  813s]    Stacking classification fold 5/5 – LightGBM
  [  818s]    Stacking classification fold 5/5 – CatBoost
  [  826s]    Calibrating L1 XGBoost on full training set
  [  836s]    Calibrating L1 LightGBM on full training set
  [  842s]    Calibrating L1 CatBoost on full training set
  [  850s]  Optimising confidence thresholds on OOF data…
  [  850s]  Optimal thresholds: UP>0.480 DOWN>0.400 (profit-proxy score=0.5726)
  [  850s]  Training complete.
  Hyperparameters saved for reuse in windows 2–6.

  Training complete in 14.2 min

  Classification:
    Overall accuracy : 59.5%
    Dir accuracy     : 14.3%  (on 7 signals)
    DOWN recall      : 2.4%
    t_up=0.480  t_down=0.400  OOF=0.5726

  Backtest results:
    Total Return (%)        : -0.0
    CAGR (%)                : -0.0
    Sharpe Ratio            : 0.005
    Sortino Ratio           : 0.004
    Calmar Ratio            : -0.0
    Max Drawdown (%)        : -0.78
    Win Rate (%)            : 33.33
    Profit Factor           : 1.154
    Expectancy ($)          : 38.82
    Total Trades            : 3
    Buy trades              : 0
    Sell trades             : 3

  Benchmark comparison:
  Strategy                 Return   Sharpe  Sortino   MaxDD  WinRate      PF  Trades
  --------------------------------------------------------------------------------
  AI 2019                   -0.0%    0.005    0.004   -0.8%    33.3%   1.154       3
  RSI Strategy              -3.2%   -1.347   -1.460   -4.4%    16.7%   0.435      12
  MA Crossover              +0.6%    0.222    0.394   -2.5%    41.7%   1.295      12
  Breakout                  -0.9%   -0.312   -0.412   -3.5%    38.5%   0.902      13
  Buy & Hold                +2.9%    1.006    2.093   -1.8%    60.0%   2.307      10


########################################################################
  WINDOW 2/6 : 2020 (COVID)  —  COVID crash + V-recovery
  TEST   : 2020-01-01  →  2021-01-01
  TRAIN  : 2016-01-01  →  2020-01-01
  Optuna : skipped (reusing params from window 1)
########################################################################

  Training bars : 1003
  Test bars     : 253
  [    0s]  Using classification target: Target_Direction (class dist: DOWN=19.0% SIDE=58.5% UP=22.4%)
  [    0s]  Using pre-tuned hyperparameters — Optuna skipped.
  [    0s]  Training individual regression models…
  [    4s]  Training individual classification models (class-balanced)…
  [   14s]  Building regression stacking ensemble (OOF)…
  [   14s]    Stacking regression fold 1/5 – XGBoost
  [   15s]    Stacking regression fold 1/5 – LightGBM
  [   15s]    Stacking regression fold 1/5 – CatBoost
  [   15s]    Stacking regression fold 2/5 – XGBoost
  [   16s]    Stacking regression fold 2/5 – LightGBM
  [   17s]    Stacking regression fold 2/5 – CatBoost
  [   17s]    Stacking regression fold 3/5 – XGBoost
  [   18s]    Stacking regression fold 3/5 – LightGBM
  [   19s]    Stacking regression fold 3/5 – CatBoost
  [   20s]    Stacking regression fold 4/5 – XGBoost
  [   21s]    Stacking regression fold 4/5 – LightGBM
  [   22s]    Stacking regression fold 4/5 – CatBoost
  [   23s]    Stacking regression fold 5/5 – XGBoost
  [   24s]    Stacking regression fold 5/5 – LightGBM
  [   26s]    Stacking regression fold 5/5 – CatBoost
  [   27s]    Retraining L1 XGBoost on full training set
  [   28s]    Retraining L1 LightGBM on full training set
  [   30s]    Retraining L1 CatBoost on full training set
  [   31s]  Building calibrated classification stacking ensemble (OOF, class-balanced)…
  [   31s]    Stacking classification fold 1/5 – XGBoost
  [   32s]    Stacking classification fold 1/5 – LightGBM
  [   32s]    Stacking classification fold 1/5 – CatBoost
  [   35s]    Stacking classification fold 2/5 – XGBoost
  [   39s]    Stacking classification fold 2/5 – LightGBM
  [   40s]    Stacking classification fold 2/5 – CatBoost
  [   45s]    Stacking classification fold 3/5 – XGBoost
  [   51s]    Stacking classification fold 3/5 – LightGBM
  [   53s]    Stacking classification fold 3/5 – CatBoost
  [   60s]    Stacking classification fold 4/5 – XGBoost
  [   67s]    Stacking classification fold 4/5 – LightGBM
  [   71s]    Stacking classification fold 4/5 – CatBoost
  [   78s]    Stacking classification fold 5/5 – XGBoost
  [   86s]    Stacking classification fold 5/5 – LightGBM
  [   92s]    Stacking classification fold 5/5 – CatBoost
  [   99s]    Calibrating L1 XGBoost on full training set
  [  109s]    Calibrating L1 LightGBM on full training set
  [  116s]    Calibrating L1 CatBoost on full training set
  [  126s]  Optimising confidence thresholds on OOF data…
  [  126s]  Optimal thresholds: UP>0.420 DOWN>0.360 (profit-proxy score=0.5804)
  [  126s]  Training complete.

  Training complete in 2.1 min

  Classification:
    Overall accuracy : 39.5%
    Dir accuracy     : 60.0%  (on 5 signals)
    DOWN recall      : 0.0%
    t_up=0.420  t_down=0.360  OOF=0.5804

  Backtest results:
    Total Return (%)        : 0.99
    CAGR (%)                : 0.99
    Sharpe Ratio            : 0.801
    Sortino Ratio           : 0.606
    Calmar Ratio            : 1.842
    Max Drawdown (%)        : -0.54
    Win Rate (%)            : 66.67
    Profit Factor           : 2.924
    Expectancy ($)          : 341.27
    Total Trades            : 3
    Buy trades              : 3
    Sell trades             : 0

  Benchmark comparison:
  Strategy                 Return   Sharpe  Sortino   MaxDD  WinRate      PF  Trades
  --------------------------------------------------------------------------------
  AI 2020 (COVID)           +1.0%    0.801    0.606   -0.5%    66.7%   2.924       3
  RSI Strategy              -1.6%   -0.546   -0.688   -4.1%    25.0%   0.737      12
  MA Crossover              +1.3%    0.374    0.642   -3.3%    42.9%   1.303      14
  Breakout                  +1.3%    0.535    0.844   -1.6%    57.1%   1.681       7
  Buy & Hold                +2.5%    0.712    1.308   -2.6%    50.0%   1.662      12


########################################################################
  WINDOW 3/6 : 2021  —  Sideways / consolidation
  TEST   : 2021-01-01  →  2022-01-01
  TRAIN  : 2017-01-01  →  2021-01-01
  Optuna : skipped (reusing params from window 1)
########################################################################

  Training bars : 1006
  Test bars     : 252
  [    0s]  Using classification target: Target_Direction (class dist: DOWN=19.4% SIDE=56.1% UP=24.6%)
  [    0s]  Using pre-tuned hyperparameters — Optuna skipped.
  [    0s]  Training individual regression models…
  [    4s]  Training individual classification models (class-balanced)…
  [   17s]  Building regression stacking ensemble (OOF)…
  [   17s]    Stacking regression fold 1/5 – XGBoost
  [   17s]    Stacking regression fold 1/5 – LightGBM
  [   17s]    Stacking regression fold 1/5 – CatBoost
  [   18s]    Stacking regression fold 2/5 – XGBoost
  [   19s]    Stacking regression fold 2/5 – LightGBM
  [   19s]    Stacking regression fold 2/5 – CatBoost
  [   20s]    Stacking regression fold 3/5 – XGBoost
  [   21s]    Stacking regression fold 3/5 – LightGBM
  [   22s]    Stacking regression fold 3/5 – CatBoost
  [   23s]    Stacking regression fold 4/5 – XGBoost
  [   23s]    Stacking regression fold 4/5 – LightGBM
  [   25s]    Stacking regression fold 4/5 – CatBoost
  [   26s]    Stacking regression fold 5/5 – XGBoost
  [   26s]    Stacking regression fold 5/5 – LightGBM
  [   28s]    Stacking regression fold 5/5 – CatBoost
  [   29s]    Retraining L1 XGBoost on full training set
  [   30s]    Retraining L1 LightGBM on full training set
  [   33s]    Retraining L1 CatBoost on full training set
  [   34s]  Building calibrated classification stacking ensemble (OOF, class-balanced)…
  [   34s]    Stacking classification fold 1/5 – XGBoost
  [   35s]    Stacking classification fold 1/5 – LightGBM
  [   36s]    Stacking classification fold 1/5 – CatBoost
  [   40s]    Stacking classification fold 2/5 – XGBoost
  [   43s]    Stacking classification fold 2/5 – LightGBM
  [   45s]    Stacking classification fold 2/5 – CatBoost
  [   51s]    Stacking classification fold 3/5 – XGBoost
  [   56s]    Stacking classification fold 3/5 – LightGBM
  [   60s]    Stacking classification fold 3/5 – CatBoost
  [   67s]    Stacking classification fold 4/5 – XGBoost
  [   74s]    Stacking classification fold 4/5 – LightGBM
  [   79s]    Stacking classification fold 4/5 – CatBoost
  [   86s]    Stacking classification fold 5/5 – XGBoost
  [   94s]    Stacking classification fold 5/5 – LightGBM
  [  100s]    Stacking classification fold 5/5 – CatBoost
  [  107s]    Calibrating L1 XGBoost on full training set
  [  117s]    Calibrating L1 LightGBM on full training set
  [  123s]    Calibrating L1 CatBoost on full training set
  [  131s]  Optimising confidence thresholds on OOF data…
  [  131s]  Optimal thresholds: UP>0.460 DOWN>0.370 (profit-proxy score=0.5520)
  [  131s]  Training complete.

  Training complete in 2.2 min

  Classification:
    Overall accuracy : 54.0%
    Dir accuracy     : 20.0%  (on 10 signals)
    DOWN recall      : 1.9%
    t_up=0.460  t_down=0.370  OOF=0.5520

  Backtest results:
    Total Return (%)        : 0.21
    CAGR (%)                : 0.21
    Sharpe Ratio            : 0.137
    Sortino Ratio           : 0.124
    Calmar Ratio            : 0.193
    Max Drawdown (%)        : -1.09
    Win Rate (%)            : 40.0
    Profit Factor           : 1.213
    Expectancy ($)          : 66.82
    Total Trades            : 5
    Buy trades              : 2
    Sell trades             : 3

  Benchmark comparison:
  Strategy                 Return   Sharpe  Sortino   MaxDD  WinRate      PF  Trades
  --------------------------------------------------------------------------------
  AI 2021                   +0.2%    0.137    0.124   -1.1%    40.0%   1.213       5
  RSI Strategy              +1.0%    0.369    0.627   -1.8%    50.0%   1.480       8
  MA Crossover              -2.2%   -1.109   -1.405   -2.9%    28.6%   0.491       7
  Breakout                  -2.7%   -1.033   -1.207   -3.2%    27.3%   0.555      11
  Buy & Hold                -0.7%   -0.262   -0.419   -2.5%    37.5%   0.939       8


########################################################################
  WINDOW 4/6 : 2022 (Rate hikes)  —  Bear / rate shock
  TEST   : 2022-01-01  →  2023-01-01
  TRAIN  : 2018-01-01  →  2022-01-01
  Optuna : skipped (reusing params from window 1)
########################################################################

  Training bars : 1007
  Test bars     : 251
  [    0s]  Using classification target: Target_Direction (class dist: DOWN=20.2% SIDE=55.3% UP=24.5%)
  [    0s]  Using pre-tuned hyperparameters — Optuna skipped.
  [    0s]  Training individual regression models…
  [    4s]  Training individual classification models (class-balanced)…
  [   16s]  Building regression stacking ensemble (OOF)…
  [   16s]    Stacking regression fold 1/5 – XGBoost
  [   16s]    Stacking regression fold 1/5 – LightGBM
  [   16s]    Stacking regression fold 1/5 – CatBoost
  [   17s]    Stacking regression fold 2/5 – XGBoost
  [   18s]    Stacking regression fold 2/5 – LightGBM
  [   18s]    Stacking regression fold 2/5 – CatBoost
  [   19s]    Stacking regression fold 3/5 – XGBoost
  [   20s]    Stacking regression fold 3/5 – LightGBM
  [   21s]    Stacking regression fold 3/5 – CatBoost
  [   21s]    Stacking regression fold 4/5 – XGBoost
  [   22s]    Stacking regression fold 4/5 – LightGBM
  [   24s]    Stacking regression fold 4/5 – CatBoost
  [   24s]    Stacking regression fold 5/5 – XGBoost
  [   25s]    Stacking regression fold 5/5 – LightGBM
  [   27s]    Stacking regression fold 5/5 – CatBoost
  [   28s]    Retraining L1 XGBoost on full training set
  [   29s]    Retraining L1 LightGBM on full training set
  [   32s]    Retraining L1 CatBoost on full training set
  [   33s]  Building calibrated classification stacking ensemble (OOF, class-balanced)…
  [   33s]    Stacking classification fold 1/5 – XGBoost
  [   34s]    Stacking classification fold 1/5 – LightGBM
  [   35s]    Stacking classification fold 1/5 – CatBoost
  [   40s]    Stacking classification fold 2/5 – XGBoost
  [   43s]    Stacking classification fold 2/5 – LightGBM
  [   46s]    Stacking classification fold 2/5 – CatBoost
  [   52s]    Stacking classification fold 3/5 – XGBoost
  [   58s]    Stacking classification fold 3/5 – LightGBM
  [   61s]    Stacking classification fold 3/5 – CatBoost
  [   68s]    Stacking classification fold 4/5 – XGBoost
  [   74s]    Stacking classification fold 4/5 – LightGBM
  [   79s]    Stacking classification fold 4/5 – CatBoost
  [   86s]    Stacking classification fold 5/5 – XGBoost
  [   94s]    Stacking classification fold 5/5 – LightGBM
  [   99s]    Stacking classification fold 5/5 – CatBoost
  [  106s]    Calibrating L1 XGBoost on full training set
  [  116s]    Calibrating L1 LightGBM on full training set
  [  122s]    Calibrating L1 CatBoost on full training set
  [  130s]  Optimising confidence thresholds on OOF data…
  [  130s]  Optimal thresholds: UP>0.440 DOWN>0.370 (profit-proxy score=0.5601)
  [  130s]  Training complete.

  Training complete in 2.2 min

  Classification:
    Overall accuracy : 47.0%
    Dir accuracy     : 60.0%  (on 5 signals)
    DOWN recall      : 0.0%
    t_up=0.440  t_down=0.370  OOF=0.5601

  Backtest results:
    Total Return (%)        : 0.3
    CAGR (%)                : 0.31
    Sharpe Ratio            : 0.272
    Sortino Ratio           : 0.327
    Calmar Ratio            : 0.429
    Max Drawdown (%)        : -0.71
    Win Rate (%)            : 33.33
    Profit Factor           : 1.55
    Expectancy ($)          : 123.34
    Total Trades            : 3
    Buy trades              : 3
    Sell trades             : 0

  Benchmark comparison:
  Strategy                 Return   Sharpe  Sortino   MaxDD  WinRate      PF  Trades
  --------------------------------------------------------------------------------
  AI 2022 (Rate hikes)      +0.3%    0.272    0.327   -0.7%    33.3%   1.550       3
  RSI Strategy              -2.6%   -0.819   -0.979   -2.6%    25.0%   0.636      12
  MA Crossover              -2.2%   -0.562   -0.855   -3.2%    35.3%   0.797      17
  Breakout                  +1.8%    0.564    0.916   -1.9%    50.0%   1.531      12
  Buy & Hold                -0.5%   -0.101   -0.164   -5.3%    37.5%   1.010      16


########################################################################
  WINDOW 5/6 : 2023  —  Recovery / range
  TEST   : 2023-01-01  →  2024-01-01
  TRAIN  : 2019-01-01  →  2023-01-01
  Optuna : skipped (reusing params from window 1)
########################################################################

  Training bars : 1008
  Test bars     : 250
  [    0s]  Using classification target: Target_Direction (class dist: DOWN=22.5% SIDE=50.1% UP=27.4%)
  [    0s]  Using pre-tuned hyperparameters — Optuna skipped.
  [    0s]  Training individual regression models…
  [    4s]  Training individual classification models (class-balanced)…
  [   14s]  Building regression stacking ensemble (OOF)…
  [   14s]    Stacking regression fold 1/5 – XGBoost
  [   15s]    Stacking regression fold 1/5 – LightGBM
  [   15s]    Stacking regression fold 1/5 – CatBoost
  [   16s]    Stacking regression fold 2/5 – XGBoost
  [   16s]    Stacking regression fold 2/5 – LightGBM
  [   17s]    Stacking regression fold 2/5 – CatBoost
  [   18s]    Stacking regression fold 3/5 – XGBoost
  [   18s]    Stacking regression fold 3/5 – LightGBM
  [   19s]    Stacking regression fold 3/5 – CatBoost
  [   20s]    Stacking regression fold 4/5 – XGBoost
  [   21s]    Stacking regression fold 4/5 – LightGBM
  [   22s]    Stacking regression fold 4/5 – CatBoost
  [   23s]    Stacking regression fold 5/5 – XGBoost
  [   24s]    Stacking regression fold 5/5 – LightGBM
  [   26s]    Stacking regression fold 5/5 – CatBoost
  [   27s]    Retraining L1 XGBoost on full training set
  [   28s]    Retraining L1 LightGBM on full training set
  [   30s]    Retraining L1 CatBoost on full training set
  [   31s]  Building calibrated classification stacking ensemble (OOF, class-balanced)…
  [   31s]    Stacking classification fold 1/5 – XGBoost
  [   32s]    Stacking classification fold 1/5 – LightGBM
  [   33s]    Stacking classification fold 1/5 – CatBoost
  [   37s]    Stacking classification fold 2/5 – XGBoost
  [   41s]    Stacking classification fold 2/5 – LightGBM
  [   42s]    Stacking classification fold 2/5 – CatBoost
  [   48s]    Stacking classification fold 3/5 – XGBoost
  [   53s]    Stacking classification fold 3/5 – LightGBM
  [   55s]    Stacking classification fold 3/5 – CatBoost
  [   62s]    Stacking classification fold 4/5 – XGBoost
  [   69s]    Stacking classification fold 4/5 – LightGBM
  [   73s]    Stacking classification fold 4/5 – CatBoost
  [   81s]    Stacking classification fold 5/5 – XGBoost
  [   88s]    Stacking classification fold 5/5 – LightGBM
  [   93s]    Stacking classification fold 5/5 – CatBoost
  [  101s]    Calibrating L1 XGBoost on full training set
  [  110s]    Calibrating L1 LightGBM on full training set
  [  116s]    Calibrating L1 CatBoost on full training set
  [  124s]  Optimising confidence thresholds on OOF data…
  [  124s]  Optimal thresholds: UP>0.410 DOWN>0.370 (profit-proxy score=0.5662)
  [  124s]  Training complete.

  Training complete in 2.1 min

  Classification:
    Overall accuracy : 54.8%
    Dir accuracy     : 33.3%  (on 15 signals)
    DOWN recall      : 4.0%
    t_up=0.410  t_down=0.370  OOF=0.5662

  Backtest results:
    Total Return (%)        : 1.46
    CAGR (%)                : 1.47
    Sharpe Ratio            : 0.901
    Sortino Ratio           : 1.396
    Calmar Ratio            : 2.406
    Max Drawdown (%)        : -0.61
    Win Rate (%)            : 60.0
    Profit Factor           : 2.765
    Expectancy ($)          : 327.38
    Total Trades            : 5
    Buy trades              : 2
    Sell trades             : 3

  Benchmark comparison:
  Strategy                 Return   Sharpe  Sortino   MaxDD  WinRate      PF  Trades
  --------------------------------------------------------------------------------
  AI 2023                   +1.5%    0.901    1.396   -0.6%    60.0%   2.765       5
  RSI Strategy              -0.2%   -0.060   -0.093   -2.1%    40.0%   1.037      15
  MA Crossover              -3.6%   -1.036   -1.445   -5.9%    30.0%   0.656      20
  Breakout                  -1.3%   -0.497   -0.683   -2.3%    30.0%   0.795      10
  Buy & Hold                +1.8%    0.574    1.085   -2.9%    46.1%   1.537      13


########################################################################
  WINDOW 6/6 : 2024 (Bull run)  —  Strong bull run (+27%)
  TEST   : 2024-01-01  →  2025-01-01
  TRAIN  : 2020-01-01  →  2024-01-01
  Optuna : skipped (reusing params from window 1)
########################################################################

  Training bars : 1006
  Test bars     : 252
  [    0s]  Using classification target: Target_Direction (class dist: DOWN=23.5% SIDE=48.9% UP=27.6%)
  [    0s]  Using pre-tuned hyperparameters — Optuna skipped.
  [    0s]  Training individual regression models…
  [    4s]  Training individual classification models (class-balanced)…
  [   15s]  Building regression stacking ensemble (OOF)…
  [   15s]    Stacking regression fold 1/5 – XGBoost
  [   15s]    Stacking regression fold 1/5 – LightGBM
  [   15s]    Stacking regression fold 1/5 – CatBoost
  [   16s]    Stacking regression fold 2/5 – XGBoost
  [   17s]    Stacking regression fold 2/5 – LightGBM
  [   17s]    Stacking regression fold 2/5 – CatBoost
  [   18s]    Stacking regression fold 3/5 – XGBoost
  [   19s]    Stacking regression fold 3/5 – LightGBM
  [   19s]    Stacking regression fold 3/5 – CatBoost
  [   20s]    Stacking regression fold 4/5 – XGBoost
  [   21s]    Stacking regression fold 4/5 – LightGBM
  [   23s]    Stacking regression fold 4/5 – CatBoost
  [   23s]    Stacking regression fold 5/5 – XGBoost
  [   24s]    Stacking regression fold 5/5 – LightGBM
  [   26s]    Stacking regression fold 5/5 – CatBoost
  [   27s]    Retraining L1 XGBoost on full training set
  [   28s]    Retraining L1 LightGBM on full training set
  [   30s]    Retraining L1 CatBoost on full training set
  [   31s]  Building calibrated classification stacking ensemble (OOF, class-balanced)…
  [   31s]    Stacking classification fold 1/5 – XGBoost
  [   32s]    Stacking classification fold 1/5 – LightGBM
  [   32s]    Stacking classification fold 1/5 – CatBoost
  [   35s]    Stacking classification fold 2/5 – XGBoost
  [   38s]    Stacking classification fold 2/5 – LightGBM
  [   39s]    Stacking classification fold 2/5 – CatBoost
  [   43s]    Stacking classification fold 3/5 – XGBoost
  [   48s]    Stacking classification fold 3/5 – LightGBM
  [   50s]    Stacking classification fold 3/5 – CatBoost
  [   56s]    Stacking classification fold 4/5 – XGBoost
  [   62s]    Stacking classification fold 4/5 – LightGBM
  [   65s]    Stacking classification fold 4/5 – CatBoost
  [   72s]    Stacking classification fold 5/5 – XGBoost
  [   79s]    Stacking classification fold 5/5 – LightGBM
  [   83s]    Stacking classification fold 5/5 – CatBoost
  [   90s]    Calibrating L1 XGBoost on full training set
  [   99s]    Calibrating L1 LightGBM on full training set
  [  104s]    Calibrating L1 CatBoost on full training set
  [  111s]  Optimising confidence thresholds on OOF data…
  [  112s]  Optimal thresholds: UP>0.430 DOWN>0.350 (profit-proxy score=0.5724)
  [  112s]  Training complete.

  Training complete in 1.9 min

  Classification:
    Overall accuracy : 43.7%
    Dir accuracy     : 34.6%  (on 26 signals)
    DOWN recall      : 11.1%
    t_up=0.430  t_down=0.350  OOF=0.5724

  Backtest results:
    Total Return (%)        : 0.53
    CAGR (%)                : 0.53
    Sharpe Ratio            : 0.336
    Sortino Ratio           : 0.49
    Calmar Ratio            : 0.383
    Max Drawdown (%)        : -1.39
    Win Rate (%)            : 50.0
    Profit Factor           : 1.668
    Expectancy ($)          : 195.36
    Total Trades            : 4
    Buy trades              : 2
    Sell trades             : 2

  Benchmark comparison:
  Strategy                 Return   Sharpe  Sortino   MaxDD  WinRate      PF  Trades
  --------------------------------------------------------------------------------
  AI 2024 (Bull run)        +0.5%    0.336    0.490   -1.4%    50.0%   1.668       4
  RSI Strategy              -2.6%   -0.809   -0.853   -4.7%    26.7%   0.659      15
  MA Crossover              +1.9%    0.528    1.052   -3.0%    43.8%   1.459      16
  Breakout                  +0.9%    0.263    0.391   -2.6%    40.0%   1.214      15
  Buy & Hold                +5.2%    1.335    3.058   -1.3%    56.2%   2.317      16


########################################################################
  ROLLING WALK-FORWARD VALIDATION SUMMARY
  Total elapsed: 24.6 min   (tune-once, 100 trials)
########################################################################

  Window                 Regime                      B&H  AI Ret  Sharpe    Sort   MaxDD     WR      PF  Trd  DirAcc
  ------------------------------------------------------------------------------------------------------------
  2019                   Gold bull run (+18%)     + 18.6% +  -0.0%   0.005   0.004   -0.8%  33.3%   1.154    3  14.3%
  2020 (COVID)           COVID crash + V-recovery + 24.2% +   1.0%   0.801   0.606   -0.5%  66.7%   2.924    3  60.0%
  2021                   Sideways / consolidation  -6.0% +   0.2%   0.137   0.124   -1.1%  40.0%   1.213    5  20.0%
  2022 (Rate hikes)      Bear / rate shock        +  1.1% +   0.3%   0.272   0.327   -0.7%  33.3%   1.550    3  60.0%
  2023                   Recovery / range         + 12.1% +   1.5%   0.901   1.396   -0.6%  60.0%   2.765    5  33.3%
  2024 (Bull run)        Strong bull run (+27%)   + 27.4% +   0.5%   0.336   0.490   -1.4%  50.0%   1.668    4  34.6%

  ------------------------------------------------------------------------------------------------------------

  Aggregates across 6 windows:
    Profitable windows    : 5 / 6
    Avg AI return         : +0.58%  (range -0.0% to +1.5%)
    Avg B&H return        : +12.89%
    Avg Sharpe            : 0.409  (range 0.005 to 0.901)
    Positive-Sharpe wins  : 6 / 6
    Avg Max Drawdown      : -0.85%
    Avg Win Rate          : 47.2%
    Avg Profit Factor     : 1.879
    Avg Trades / window   : 3.8

########################################################################
  VALIDATION COMPLETE
########################################################################

