
========================================================================
  DOWNLOADING FULL HISTORY  2014-01-01 – 2025-06-01
========================================================================
  2868 bars  (2014-01-02 – 2025-05-30)

========================================================================
  BUILDING FEATURES ON FULL HISTORY
========================================================================
  Feature matrix shape   : (2868, 117)
  Optuna trials/window   : 100
  Tune-once mode         : True


########################################################################
  WINDOW 1/6 : 2019  —  Gold bull run (+18%)
  TEST   : 2019-01-01  →  2020-01-01
  TRAIN  : 2015-01-01  →  2019-01-01
  Optuna : 100 trials per study
########################################################################

  Training bars : 1003
  Test bars     : 252
  [    0s]  Using classification target: Target_Direction (class dist: DOWN=22.0% SIDE=54.4% UP=23.5%)
  [    0s]  Optuna tuning – XGBoost regression…
  [   57s]  Optuna tuning – LightGBM regression…
  [  180s]  Optuna tuning – CatBoost regression…
  [  360s]  Optuna tuning – XGBoost classification (class-balanced)…
  [  521s]  Optuna tuning – LightGBM classification (class-balanced)…
  [  716s]  Optuna tuning – CatBoost classification (class-balanced)…
  [  767s]  Training individual regression models…
  [  773s]  Training individual classification models (class-balanced)…
  File "C:\Users\hadih\AppData\Local\Programs\Python\Python311\Lib\site-packages\joblib\externals\loky\backend\context.py", line 257, in _count_physical_cores
    cpu_info = subprocess.run(
               ^^^^^^^^^^^^^^^
  File "C:\Users\hadih\AppData\Local\Programs\Python\Python311\Lib\subprocess.py", line 548, in run
    with Popen(*popenargs, **kwargs) as process:
         ^^^^^^^^^^^^^^^^^^^^^^^^^^^
  File "C:\Users\hadih\AppData\Local\Programs\Python\Python311\Lib\subprocess.py", line 1026, in __init__
    self._execute_child(args, executable, preexec_fn, close_fds,
  File "C:\Users\hadih\AppData\Local\Programs\Python\Python311\Lib\subprocess.py", line 1538, in _execute_child
    hp, ht, pid, tid = _winapi.CreateProcess(executable, args,
                       ^^^^^^^^^^^^^^^^^^^^^^^^^^^^^^^^^^^^^^^
  [  784s]  Building regression stacking ensemble (OOF)…
  [  784s]    Stacking regression fold 1/5 – XGBoost
  [  785s]    Stacking regression fold 1/5 – LightGBM
  [  785s]    Stacking regression fold 1/5 – CatBoost
  [  786s]    Stacking regression fold 2/5 – XGBoost
  [  787s]    Stacking regression fold 2/5 – LightGBM
  [  788s]    Stacking regression fold 2/5 – CatBoost
  [  790s]    Stacking regression fold 3/5 – XGBoost
  [  791s]    Stacking regression fold 3/5 – LightGBM
  [  792s]    Stacking regression fold 3/5 – CatBoost
  [  794s]    Stacking regression fold 4/5 – XGBoost
  [  795s]    Stacking regression fold 4/5 – LightGBM
  [  796s]    Stacking regression fold 4/5 – CatBoost
  [  799s]    Stacking regression fold 5/5 – XGBoost
  [  800s]    Stacking regression fold 5/5 – LightGBM
  [  803s]    Stacking regression fold 5/5 – CatBoost
  [  806s]    Retraining L1 XGBoost on full training set
  [  807s]    Retraining L1 LightGBM on full training set
  [  810s]    Retraining L1 CatBoost on full training set
  [  813s]  Building calibrated classification stacking ensemble (OOF, class-balanced)…
  [  813s]    Stacking classification fold 1/5 – XGBoost
  [  813s]    Stacking classification fold 1/5 – LightGBM
  [  814s]    Stacking classification fold 1/5 – CatBoost
  [  816s]    Stacking classification fold 2/5 – XGBoost
  [  819s]    Stacking classification fold 2/5 – LightGBM
  [  820s]    Stacking classification fold 2/5 – CatBoost
  [  824s]    Stacking classification fold 3/5 – XGBoost
  [  828s]    Stacking classification fold 3/5 – LightGBM
  [  830s]    Stacking classification fold 3/5 – CatBoost
  [  835s]    Stacking classification fold 4/5 – XGBoost
  [  840s]    Stacking classification fold 4/5 – LightGBM
  [  844s]    Stacking classification fold 4/5 – CatBoost
  [  850s]    Stacking classification fold 5/5 – XGBoost
  [  857s]    Stacking classification fold 5/5 – LightGBM
  [  863s]    Stacking classification fold 5/5 – CatBoost
  [  868s]    Calibrating L1 XGBoost on full training set
  [  876s]    Calibrating L1 LightGBM on full training set
  [  884s]    Calibrating L1 CatBoost on full training set
  [  891s]  Optimising confidence thresholds on OOF data…
  [  891s]  Optimal thresholds: UP>0.350 DOWN>0.350 (profit-proxy score=0.5560)
  [  891s]  Training complete.
  Hyperparameters saved for reuse in windows 2–6.

  Training complete in 14.9 min

  Classification:
    Overall accuracy : 58.7%
    Dir accuracy     : 23.5%  (on 17 signals)
    DOWN recall      : 2.4%
    t_up=0.350  t_down=0.350  OOF=0.5560

  Backtest results:
    Total Return (%)        : 2.28
    CAGR (%)                : 2.28
    Sharpe Ratio            : 1.585
    Sortino Ratio           : 466.18
    Calmar Ratio            : 21.495
    Max Drawdown (%)        : -0.11
    Win Rate (%)            : 100.0
    Profit Factor           : 2502850000000.0
    Expectancy ($)          : 834.28
    Total Trades            : 3
    Buy trades              : 2
    Sell trades             : 1

  Benchmark comparison:
  Strategy                 Return   Sharpe  Sortino   MaxDD  WinRate      PF  Trades
  --------------------------------------------------------------------------------
  AI 2019                   +2.3%    1.585  466.180   -0.1%   100.0% 2502850000000.000       3
  RSI Strategy              -3.2%   -1.347   -1.460   -4.4%    16.7%   0.435      12
  MA Crossover              +0.6%    0.222    0.394   -2.5%    41.7%   1.295      12
  Breakout                  -0.9%   -0.312   -0.412   -3.5%    38.5%   0.902      13
  Buy & Hold                +2.9%    1.006    2.093   -1.8%    60.0%   2.307      10


########################################################################
  WINDOW 2/6 : 2020 (COVID)  —  COVID crash + V-recovery
  TEST   : 2020-01-01  →  2021-01-01
  TRAIN  : 2016-01-01  →  2020-01-01
  Optuna : skipped (reusing params from window 1)
########################################################################

  Training bars : 1003
  Test bars     : 253
  [    0s]  Using classification target: Target_Direction (class dist: DOWN=19.0% SIDE=58.5% UP=22.4%)
  [    0s]  Using pre-tuned hyperparameters — Optuna skipped.
  [    0s]  Training individual regression models…
  [    7s]  Training individual classification models (class-balanced)…
  [   20s]  Building regression stacking ensemble (OOF)…
  [   20s]    Stacking regression fold 1/5 – XGBoost
  [   20s]    Stacking regression fold 1/5 – LightGBM
  [   20s]    Stacking regression fold 1/5 – CatBoost
  [   22s]    Stacking regression fold 2/5 – XGBoost
  [   23s]    Stacking regression fold 2/5 – LightGBM
  [   24s]    Stacking regression fold 2/5 – CatBoost
  [   26s]    Stacking regression fold 3/5 – XGBoost
  [   27s]    Stacking regression fold 3/5 – LightGBM
  [   28s]    Stacking regression fold 3/5 – CatBoost
  [   31s]    Stacking regression fold 4/5 – XGBoost
  [   32s]    Stacking regression fold 4/5 – LightGBM
  [   34s]    Stacking regression fold 4/5 – CatBoost
  [   37s]    Stacking regression fold 5/5 – XGBoost
  [   38s]    Stacking regression fold 5/5 – LightGBM
  [   40s]    Stacking regression fold 5/5 – CatBoost
  [   43s]    Retraining L1 XGBoost on full training set
  [   44s]    Retraining L1 LightGBM on full training set
  [   47s]    Retraining L1 CatBoost on full training set
  [   50s]  Building calibrated classification stacking ensemble (OOF, class-balanced)…
  [   50s]    Stacking classification fold 1/5 – XGBoost
  [   51s]    Stacking classification fold 1/5 – LightGBM
  [   52s]    Stacking classification fold 1/5 – CatBoost
  [   55s]    Stacking classification fold 2/5 – XGBoost
  [   58s]    Stacking classification fold 2/5 – LightGBM
  [   59s]    Stacking classification fold 2/5 – CatBoost
  [   65s]    Stacking classification fold 3/5 – XGBoost
  [   70s]    Stacking classification fold 3/5 – LightGBM
  [   72s]    Stacking classification fold 3/5 – CatBoost
  [   79s]    Stacking classification fold 4/5 – XGBoost
  [   85s]    Stacking classification fold 4/5 – LightGBM
  [   90s]    Stacking classification fold 4/5 – CatBoost
  [   97s]    Stacking classification fold 5/5 – XGBoost
  [  105s]    Stacking classification fold 5/5 – LightGBM
  [  112s]    Stacking classification fold 5/5 – CatBoost
  [  119s]    Calibrating L1 XGBoost on full training set
  [  128s]    Calibrating L1 LightGBM on full training set
  [  136s]    Calibrating L1 CatBoost on full training set
  [  144s]  Optimising confidence thresholds on OOF data…
  [  144s]  Optimal thresholds: UP>0.370 DOWN>0.350 (profit-proxy score=0.5232)
  [  144s]  Training complete.

  Training complete in 2.4 min

  Classification:
    Overall accuracy : 38.3%
    Dir accuracy     : 0.0%  (on 2 signals)
    DOWN recall      : 0.0%
    t_up=0.370  t_down=0.350  OOF=0.5232

  Backtest results:
    Total Return (%)        : -0.7
    CAGR (%)                : -0.7
    Sharpe Ratio            : -1.559
    Sortino Ratio           : -0.768
    Calmar Ratio            : -0.996
    Max Drawdown (%)        : -0.7
    Win Rate (%)            : 0.0
    Profit Factor           : 0.0
    Expectancy ($)          : -318.74
    Total Trades            : 2
    Buy trades              : 0
    Sell trades             : 2

  Benchmark comparison:
  Strategy                 Return   Sharpe  Sortino   MaxDD  WinRate      PF  Trades
  --------------------------------------------------------------------------------
  AI 2020 (COVID)           -0.7%   -1.559   -0.768   -0.7%     0.0%   0.000       2
  RSI Strategy              -1.6%   -0.546   -0.688   -4.1%    25.0%   0.737      12
  MA Crossover              +1.3%    0.374    0.642   -3.3%    42.9%   1.303      14
  Breakout                  +1.3%    0.535    0.844   -1.6%    57.1%   1.681       7
  Buy & Hold                +2.5%    0.712    1.308   -2.6%    50.0%   1.662      12


########################################################################
  WINDOW 3/6 : 2021  —  Sideways / consolidation
  TEST   : 2021-01-01  →  2022-01-01
  TRAIN  : 2017-01-01  →  2021-01-01
  Optuna : skipped (reusing params from window 1)
########################################################################

  Training bars : 1006
  Test bars     : 252
  [    0s]  Using classification target: Target_Direction (class dist: DOWN=19.4% SIDE=56.1% UP=24.6%)
  [    0s]  Using pre-tuned hyperparameters — Optuna skipped.
  [    0s]  Training individual regression models…
  [    7s]  Training individual classification models (class-balanced)…
  [   20s]  Building regression stacking ensemble (OOF)…
  [   20s]    Stacking regression fold 1/5 – XGBoost
  [   21s]    Stacking regression fold 1/5 – LightGBM
  [   21s]    Stacking regression fold 1/5 – CatBoost
  [  875s]    Stacking regression fold 2/5 – XGBoost
  [  876s]    Stacking regression fold 2/5 – LightGBM
  [  877s]    Stacking regression fold 2/5 – CatBoost
  [  881s]    Stacking regression fold 3/5 – XGBoost
  [  882s]    Stacking regression fold 3/5 – LightGBM
  [  883s]    Stacking regression fold 3/5 – CatBoost
  [  886s]    Stacking regression fold 4/5 – XGBoost
  [  887s]    Stacking regression fold 4/5 – LightGBM
  [  889s]    Stacking regression fold 4/5 – CatBoost
  [  892s]    Stacking regression fold 5/5 – XGBoost
  [  893s]    Stacking regression fold 5/5 – LightGBM
  [  895s]    Stacking regression fold 5/5 – CatBoost
  [  898s]    Retraining L1 XGBoost on full training set
  [  899s]    Retraining L1 LightGBM on full training set
  [  903s]    Retraining L1 CatBoost on full training set
  [  906s]  Building calibrated classification stacking ensemble (OOF, class-balanced)…
  [  906s]    Stacking classification fold 1/5 – XGBoost
  [  907s]    Stacking classification fold 1/5 – LightGBM
  [  908s]    Stacking classification fold 1/5 – CatBoost
  [  912s]    Stacking classification fold 2/5 – XGBoost
  [  915s]    Stacking classification fold 2/5 – LightGBM
  [  917s]    Stacking classification fold 2/5 – CatBoost
  [  922s]    Stacking classification fold 3/5 – XGBoost
  [  927s]    Stacking classification fold 3/5 – LightGBM
  [  931s]    Stacking classification fold 3/5 – CatBoost
  [  938s]    Stacking classification fold 4/5 – XGBoost
  [  944s]    Stacking classification fold 4/5 – LightGBM
  [  950s]    Stacking classification fold 4/5 – CatBoost
  [  957s]    Stacking classification fold 5/5 – XGBoost
  [  965s]    Stacking classification fold 5/5 – LightGBM
  [  972s]    Stacking classification fold 5/5 – CatBoost
  [  979s]    Calibrating L1 XGBoost on full training set
  [  988s]    Calibrating L1 LightGBM on full training set
  [  996s]    Calibrating L1 CatBoost on full training set
  [ 1004s]  Optimising confidence thresholds on OOF data…
  [ 1004s]  Optimal thresholds: UP>0.390 DOWN>0.350 (profit-proxy score=0.5222)
  [ 1004s]  Training complete.

  Training complete in 16.7 min

  Classification:
    Overall accuracy : 50.4%
    Dir accuracy     : 22.6%  (on 31 signals)
    DOWN recall      : 0.0%
    t_up=0.390  t_down=0.350  OOF=0.5222

  Backtest results:
    Total Return (%)        : 1.65
    CAGR (%)                : 1.65
    Sharpe Ratio            : 0.786
    Sortino Ratio           : 1.441
    Calmar Ratio            : 1.493
    Max Drawdown (%)        : -1.11
    Win Rate (%)            : 50.0
    Profit Factor           : 2.035
    Expectancy ($)          : 239.56
    Total Trades            : 8
    Buy trades              : 6
    Sell trades             : 2

  Benchmark comparison:
  Strategy                 Return   Sharpe  Sortino   MaxDD  WinRate      PF  Trades
  --------------------------------------------------------------------------------
  AI 2021                   +1.6%    0.786    1.441   -1.1%    50.0%   2.035       8
  RSI Strategy              +1.0%    0.369    0.627   -1.8%    50.0%   1.480       8
  MA Crossover              -2.2%   -1.109   -1.405   -2.9%    28.6%   0.491       7
  Breakout                  -2.7%   -1.033   -1.207   -3.2%    27.3%   0.555      11
  Buy & Hold                -0.7%   -0.262   -0.419   -2.5%    37.5%   0.939       8


########################################################################
  WINDOW 4/6 : 2022 (Rate hikes)  —  Bear / rate shock
  TEST   : 2022-01-01  →  2023-01-01
  TRAIN  : 2018-01-01  →  2022-01-01
  Optuna : skipped (reusing params from window 1)
########################################################################

  Training bars : 1007
  Test bars     : 251
  [    0s]  Using classification target: Target_Direction (class dist: DOWN=20.2% SIDE=55.3% UP=24.5%)
  [    0s]  Using pre-tuned hyperparameters — Optuna skipped.
  [    0s]  Training individual regression models…
  [    7s]  Training individual classification models (class-balanced)…
  [   20s]  Building regression stacking ensemble (OOF)…
  [   20s]    Stacking regression fold 1/5 – XGBoost
  [   21s]    Stacking regression fold 1/5 – LightGBM
  [   21s]    Stacking regression fold 1/5 – CatBoost
  [   23s]    Stacking regression fold 2/5 – XGBoost
  [   23s]    Stacking regression fold 2/5 – LightGBM
  [   24s]    Stacking regression fold 2/5 – CatBoost
  [   27s]    Stacking regression fold 3/5 – XGBoost
  [   28s]    Stacking regression fold 3/5 – LightGBM
  [   29s]    Stacking regression fold 3/5 – CatBoost
  [   31s]    Stacking regression fold 4/5 – XGBoost
  [   32s]    Stacking regression fold 4/5 – LightGBM
  [   34s]    Stacking regression fold 4/5 – CatBoost
  [   37s]    Stacking regression fold 5/5 – XGBoost
  [   38s]    Stacking regression fold 5/5 – LightGBM
  [   41s]    Stacking regression fold 5/5 – CatBoost
  [   44s]    Retraining L1 XGBoost on full training set
  [   44s]    Retraining L1 LightGBM on full training set
  [   48s]    Retraining L1 CatBoost on full training set
  [   51s]  Building calibrated classification stacking ensemble (OOF, class-balanced)…
  [   51s]    Stacking classification fold 1/5 – XGBoost
  [   52s]    Stacking classification fold 1/5 – LightGBM
  [   53s]    Stacking classification fold 1/5 – CatBoost
  [   57s]    Stacking classification fold 2/5 – XGBoost
  [   61s]    Stacking classification fold 2/5 – LightGBM
  [   63s]    Stacking classification fold 2/5 – CatBoost
  [ 2039s]    Stacking classification fold 3/5 – XGBoost
  [ 2046s]    Stacking classification fold 3/5 – LightGBM
  [ 2050s]    Stacking classification fold 3/5 – CatBoost
  [ 2057s]    Stacking classification fold 4/5 – XGBoost
  [ 2063s]    Stacking classification fold 4/5 – LightGBM
  [ 2069s]    Stacking classification fold 4/5 – CatBoost
  [ 2076s]    Stacking classification fold 5/5 – XGBoost
  [ 2083s]    Stacking classification fold 5/5 – LightGBM
  [ 2090s]    Stacking classification fold 5/5 – CatBoost
  [ 2097s]    Calibrating L1 XGBoost on full training set
  [ 2106s]    Calibrating L1 LightGBM on full training set
  [ 2115s]    Calibrating L1 CatBoost on full training set
  [ 2122s]  Optimising confidence thresholds on OOF data…
  [ 2122s]  Optimal thresholds: UP>0.430 DOWN>0.350 (profit-proxy score=0.5659)
  [ 2122s]  Training complete.

  Training complete in 35.4 min

  Classification:
    Overall accuracy : 47.0%
    Dir accuracy     : 50.0%  (on 18 signals)
    DOWN recall      : 4.5%
    t_up=0.430  t_down=0.350  OOF=0.5659

  Backtest results:
    Total Return (%)        : -0.12
    CAGR (%)                : -0.12
    Sharpe Ratio            : -0.072
    Sortino Ratio           : -0.068
    Calmar Ratio            : -0.091
    Max Drawdown (%)        : -1.32
    Win Rate (%)            : 37.5
    Profit Factor           : 0.995
    Expectancy ($)          : -1.28
    Total Trades            : 8
    Buy trades              : 7
    Sell trades             : 1

  Benchmark comparison:
  Strategy                 Return   Sharpe  Sortino   MaxDD  WinRate      PF  Trades
  --------------------------------------------------------------------------------
  AI 2022 (Rate hikes)      -0.1%   -0.072   -0.068   -1.3%    37.5%   0.995       8
  RSI Strategy              -2.6%   -0.819   -0.979   -2.6%    25.0%   0.636      12
  MA Crossover              -2.2%   -0.562   -0.855   -3.2%    35.3%   0.797      17
  Breakout                  +1.8%    0.564    0.916   -1.9%    50.0%   1.531      12
  Buy & Hold                -0.5%   -0.101   -0.164   -5.3%    37.5%   1.010      16


########################################################################
  WINDOW 5/6 : 2023  —  Recovery / range
  TEST   : 2023-01-01  →  2024-01-01
  TRAIN  : 2019-01-01  →  2023-01-01
  Optuna : skipped (reusing params from window 1)
########################################################################

  Training bars : 1008
  Test bars     : 250
  [    0s]  Using classification target: Target_Direction (class dist: DOWN=22.5% SIDE=50.1% UP=27.4%)
  [    0s]  Using pre-tuned hyperparameters — Optuna skipped.
  [    0s]  Training individual regression models…
  [    7s]  Training individual classification models (class-balanced)…
  [   20s]  Building regression stacking ensemble (OOF)…
  [   20s]    Stacking regression fold 1/5 – XGBoost
  [   20s]    Stacking regression fold 1/5 – LightGBM
  [   20s]    Stacking regression fold 1/5 – CatBoost
  [   22s]    Stacking regression fold 2/5 – XGBoost
  [   23s]    Stacking regression fold 2/5 – LightGBM
  [   24s]    Stacking regression fold 2/5 – CatBoost
  [   26s]    Stacking regression fold 3/5 – XGBoost
  [   27s]    Stacking regression fold 3/5 – LightGBM
  [   28s]    Stacking regression fold 3/5 – CatBoost
  [   31s]    Stacking regression fold 4/5 – XGBoost
  [   32s]    Stacking regression fold 4/5 – LightGBM
  [   34s]    Stacking regression fold 4/5 – CatBoost
  [   37s]    Stacking regression fold 5/5 – XGBoost
  [   38s]    Stacking regression fold 5/5 – LightGBM
  [   40s]    Stacking regression fold 5/5 – CatBoost
  [   43s]    Retraining L1 XGBoost on full training set
  [   44s]    Retraining L1 LightGBM on full training set
  [   47s]    Retraining L1 CatBoost on full training set
  [   50s]  Building calibrated classification stacking ensemble (OOF, class-balanced)…
  [   50s]    Stacking classification fold 1/5 – XGBoost
  [   52s]    Stacking classification fold 1/5 – LightGBM
  [   53s]    Stacking classification fold 1/5 – CatBoost
  [   57s]    Stacking classification fold 2/5 – XGBoost
  [   60s]    Stacking classification fold 2/5 – LightGBM
  [   61s]    Stacking classification fold 2/5 – CatBoost
  [   67s]    Stacking classification fold 3/5 – XGBoost
  [   72s]    Stacking classification fold 3/5 – LightGBM
  [   74s]    Stacking classification fold 3/5 – CatBoost
  [   80s]    Stacking classification fold 4/5 – XGBoost
  [   87s]    Stacking classification fold 4/5 – LightGBM
  [   91s]    Stacking classification fold 4/5 – CatBoost
  [   98s]    Stacking classification fold 5/5 – XGBoost
  [  105s]    Stacking classification fold 5/5 – LightGBM
  [  111s]    Stacking classification fold 5/5 – CatBoost
  [  118s]    Calibrating L1 XGBoost on full training set
  [  127s]    Calibrating L1 LightGBM on full training set
  [  136s]    Calibrating L1 CatBoost on full training set
  [ 2882s]  Optimising confidence thresholds on OOF data…
  [ 2883s]  Optimal thresholds: UP>0.360 DOWN>0.350 (profit-proxy score=0.5345)
  [ 2883s]  Training complete.

  Training complete in 48.0 min

  Classification:
    Overall accuracy : 51.6%
    Dir accuracy     : 26.3%  (on 38 signals)
    DOWN recall      : 6.0%
    t_up=0.360  t_down=0.350  OOF=0.5345

  Backtest results:
    Total Return (%)        : -1.25
    CAGR (%)                : -1.26
    Sharpe Ratio            : -0.954
    Sortino Ratio           : -0.782
    Calmar Ratio            : -0.517
    Max Drawdown (%)        : -2.45
    Win Rate (%)            : 37.5
    Profit Factor           : 0.533
    Expectancy ($)          : -135.02
    Total Trades            : 8
    Buy trades              : 6
    Sell trades             : 2

  Benchmark comparison:
  Strategy                 Return   Sharpe  Sortino   MaxDD  WinRate      PF  Trades
  --------------------------------------------------------------------------------
  AI 2023                   -1.2%   -0.954   -0.782   -2.5%    37.5%   0.533       8
  RSI Strategy              -0.2%   -0.060   -0.093   -2.1%    40.0%   1.037      15
  MA Crossover              -3.6%   -1.036   -1.445   -5.9%    30.0%   0.656      20
  Breakout                  -1.3%   -0.497   -0.683   -2.3%    30.0%   0.795      10
  Buy & Hold                +1.8%    0.574    1.085   -2.9%    46.1%   1.537      13


########################################################################
  WINDOW 6/6 : 2024 (Bull run)  —  Strong bull run (+27%)
  TEST   : 2024-01-01  →  2025-01-01
  TRAIN  : 2020-01-01  →  2024-01-01
  Optuna : skipped (reusing params from window 1)
########################################################################

  Training bars : 1006
  Test bars     : 252
  [    0s]  Using classification target: Target_Direction (class dist: DOWN=23.5% SIDE=48.9% UP=27.6%)
  [    0s]  Using pre-tuned hyperparameters — Optuna skipped.
  [    0s]  Training individual regression models…
  [    8s]  Training individual classification models (class-balanced)…
  [   21s]  Building regression stacking ensemble (OOF)…
  [   21s]    Stacking regression fold 1/5 – XGBoost
  [   21s]    Stacking regression fold 1/5 – LightGBM
  [   22s]    Stacking regression fold 1/5 – CatBoost
  [   24s]    Stacking regression fold 2/5 – XGBoost
  [   24s]    Stacking regression fold 2/5 – LightGBM
  [   25s]    Stacking regression fold 2/5 – CatBoost
  [   28s]    Stacking regression fold 3/5 – XGBoost
  [   29s]    Stacking regression fold 3/5 – LightGBM
  [   30s]    Stacking regression fold 3/5 – CatBoost
  [   33s]    Stacking regression fold 4/5 – XGBoost
  [   33s]    Stacking regression fold 4/5 – LightGBM
  [   35s]    Stacking regression fold 4/5 – CatBoost
  [   38s]    Stacking regression fold 5/5 – XGBoost
  [   39s]    Stacking regression fold 5/5 – LightGBM
  [   42s]    Stacking regression fold 5/5 – CatBoost
  [   45s]    Retraining L1 XGBoost on full training set
  [   46s]    Retraining L1 LightGBM on full training set
  [   49s]    Retraining L1 CatBoost on full training set
  [   52s]  Building calibrated classification stacking ensemble (OOF, class-balanced)…
  [   52s]    Stacking classification fold 1/5 – XGBoost
  [   52s]    Stacking classification fold 1/5 – LightGBM
  [   53s]    Stacking classification fold 1/5 – CatBoost
  [   55s]    Stacking classification fold 2/5 – XGBoost
  [   58s]    Stacking classification fold 2/5 – LightGBM
  [   59s]    Stacking classification fold 2/5 – CatBoost
  [   64s]    Stacking classification fold 3/5 – XGBoost
  [   69s]    Stacking classification fold 3/5 – LightGBM
  [   71s]    Stacking classification fold 3/5 – CatBoost
  [   77s]    Stacking classification fold 4/5 – XGBoost
  [   83s]    Stacking classification fold 4/5 – LightGBM
  [   87s]    Stacking classification fold 4/5 – CatBoost
  [   93s]    Stacking classification fold 5/5 – XGBoost
  [  100s]    Stacking classification fold 5/5 – LightGBM
  [  106s]    Stacking classification fold 5/5 – CatBoost
  [  113s]    Calibrating L1 XGBoost on full training set
  [  121s]    Calibrating L1 LightGBM on full training set
  [  129s]    Calibrating L1 CatBoost on full training set
  [  136s]  Optimising confidence thresholds on OOF data…
  [  136s]  Optimal thresholds: UP>0.410 DOWN>0.390 (profit-proxy score=0.5755)
  [  136s]  Training complete.

  Training complete in 2.3 min

  Classification:
    Overall accuracy : 44.0%
    Dir accuracy     : 33.3%  (on 24 signals)
    DOWN recall      : 5.6%
    t_up=0.410  t_down=0.390  OOF=0.5755

  Backtest results:
    Total Return (%)        : 3.6
    CAGR (%)                : 3.6
    Sharpe Ratio            : 1.451
    Sortino Ratio           : 3.106
    Calmar Ratio            : 5.33
    Max Drawdown (%)        : -0.68
    Win Rate (%)            : 62.5
    Profit Factor           : 3.955
    Expectancy ($)          : 486.83
    Total Trades            : 8
    Buy trades              : 6
    Sell trades             : 2

  Benchmark comparison:
  Strategy                 Return   Sharpe  Sortino   MaxDD  WinRate      PF  Trades
  --------------------------------------------------------------------------------
  AI 2024 (Bull run)        +3.6%    1.451    3.106   -0.7%    62.5%   3.955       8
  RSI Strategy              -2.6%   -0.809   -0.853   -4.7%    26.7%   0.659      15
  MA Crossover              +1.9%    0.528    1.052   -3.0%    43.8%   1.459      16
  Breakout                  +0.9%    0.263    0.391   -2.6%    40.0%   1.214      15
  Buy & Hold                +5.2%    1.335    3.058   -1.3%    56.2%   2.317      16


########################################################################
  ROLLING WALK-FORWARD VALIDATION SUMMARY
  Total elapsed: 119.7 min   (tune-once, 100 trials)
########################################################################

  Window                 Regime                      B&H  AI Ret  Sharpe    Sort   MaxDD     WR      PF  Trd  DirAcc
  ------------------------------------------------------------------------------------------------------------
  2019                   Gold bull run (+18%)     + 18.6% +   2.3%   1.585 466.180   -0.1% 100.0% 2502850000000.000    3  23.5%
  2020 (COVID)           COVID crash + V-recovery + 24.2%   -0.7%  -1.559  -0.768   -0.7%   0.0%   0.000    2   0.0%
  2021                   Sideways / consolidation  -6.0% +   1.6%   0.786   1.441   -1.1%  50.0%   2.035    8  22.6%
  2022 (Rate hikes)      Bear / rate shock        +  1.1%   -0.1%  -0.072  -0.068   -1.3%  37.5%   0.995    8  50.0%
  2023                   Recovery / range         + 12.1%   -1.2%  -0.954  -0.782   -2.5%  37.5%   0.533    8  26.3%
  2024 (Bull run)        Strong bull run (+27%)   + 27.4% +   3.6%   1.451   3.106   -0.7%  62.5%   3.955    8  33.3%

  ------------------------------------------------------------------------------------------------------------

  Aggregates across 6 windows:
    Profitable windows    : 3 / 6
    Avg AI return         : +0.91%  (range -1.2% to +3.6%)
    Avg B&H return        : +12.89%
    Avg Sharpe            : 0.206  (range -1.559 to 1.585)
    Positive-Sharpe wins  : 3 / 6
    Avg Max Drawdown      : -1.06%
    Avg Win Rate          : 47.9%
    Avg Profit Factor     : 417141666667.920
    Avg Trades / window   : 6.2

########################################################################
  VALIDATION COMPLETE
########################################################################

